<?xml version="1.0" encoding="UTF-8"?>
<testsuite name="org.bedu.testing.persistence.entities.InterviewEntityTest" tests="4" skipped="0" failures="0" errors="0" timestamp="2023-07-21T04:20:48" hostname="KmasLap" time="0.564">
  <properties/>
  <testcase name="Should add a new interview" classname="org.bedu.testing.persistence.entities.InterviewEntityTest" time="0.301"/>
  <testcase name="Should changed properties of the new added discipline" classname="org.bedu.testing.persistence.entities.InterviewEntityTest" time="0.146"/>
  <testcase name="Should return a new added interview searched by name" classname="org.bedu.testing.persistence.entities.InterviewEntityTest" time="0.093"/>
  <testcase name="Should remove a new added interview" classname="org.bedu.testing.persistence.entities.InterviewEntityTest" time="0.019"/>
  <system-out><![CDATA[22:20:40.522 [Test worker] DEBUG org.springframework.test.context.BootstrapUtils - Instantiating CacheAwareContextLoaderDelegate from class [org.springframework.test.context.cache.DefaultCacheAwareContextLoaderDelegate]
22:20:40.560 [Test worker] DEBUG org.springframework.test.context.BootstrapUtils - Instantiating BootstrapContext using constructor [public org.springframework.test.context.support.DefaultBootstrapContext(java.lang.Class,org.springframework.test.context.CacheAwareContextLoaderDelegate)]
22:20:40.619 [Test worker] DEBUG org.springframework.test.context.BootstrapUtils - Instantiating TestContextBootstrapper for test class [org.bedu.testing.persistence.entities.InterviewEntityTest] from class [org.springframework.boot.test.context.SpringBootTestContextBootstrapper]
22:20:40.652 [Test worker] INFO org.springframework.boot.test.context.SpringBootTestContextBootstrapper - Neither @ContextConfiguration nor @ContextHierarchy found for test class [org.bedu.testing.persistence.entities.InterviewEntityTest], using SpringBootContextLoader
22:20:40.664 [Test worker] DEBUG org.springframework.test.context.support.AbstractContextLoader - Did not detect default resource location for test class [org.bedu.testing.persistence.entities.InterviewEntityTest]: class path resource [org/bedu/testing/persistence/entities/InterviewEntityTest-context.xml] does not exist
22:20:40.665 [Test worker] DEBUG org.springframework.test.context.support.AbstractContextLoader - Did not detect default resource location for test class [org.bedu.testing.persistence.entities.InterviewEntityTest]: class path resource [org/bedu/testing/persistence/entities/InterviewEntityTestContext.groovy] does not exist
22:20:40.666 [Test worker] INFO org.springframework.test.context.support.AbstractContextLoader - Could not detect default resource locations for test class [org.bedu.testing.persistence.entities.InterviewEntityTest]: no resource found for suffixes {-context.xml, Context.groovy}.
22:20:40.669 [Test worker] INFO org.springframework.test.context.support.AnnotationConfigContextLoaderUtils - Could not detect default configuration classes for test class [org.bedu.testing.persistence.entities.InterviewEntityTest]: InterviewEntityTest does not declare any static, non-private, non-final, nested classes annotated with @Configuration.
22:20:40.895 [Test worker] DEBUG org.springframework.test.context.support.ActiveProfilesUtils - Could not find an 'annotation declaring class' for annotation type [org.springframework.test.context.ActiveProfiles] and class [org.bedu.testing.persistence.entities.InterviewEntityTest]
22:20:41.049 [Test worker] DEBUG org.springframework.context.annotation.ClassPathScanningCandidateComponentProvider - Identified candidate component class: file [/media/francisco/Datos/Diplomados/Santander/Fase04/Session02/PostWork/TestingSession02Postwork/build/classes/java/main/org/bedu/testing/Main.class]
22:20:41.051 [Test worker] INFO org.springframework.boot.test.context.SpringBootTestContextBootstrapper - Found @SpringBootConfiguration org.bedu.testing.Main for test class org.bedu.testing.persistence.entities.InterviewEntityTest
22:20:41.184 [Test worker] DEBUG org.springframework.boot.test.context.SpringBootTestContextBootstrapper - @TestExecutionListeners is not present for class [org.bedu.testing.persistence.entities.InterviewEntityTest]: using defaults.
22:20:41.184 [Test worker] INFO org.springframework.boot.test.context.SpringBootTestContextBootstrapper - Loaded default TestExecutionListener class names from location [META-INF/spring.factories]: [org.springframework.boot.test.autoconfigure.restdocs.RestDocsTestExecutionListener, org.springframework.boot.test.autoconfigure.web.client.MockRestServiceServerResetTestExecutionListener, org.springframework.boot.test.autoconfigure.web.servlet.MockMvcPrintOnlyOnFailureTestExecutionListener, org.springframework.boot.test.autoconfigure.web.servlet.WebDriverTestExecutionListener, org.springframework.boot.test.autoconfigure.webservices.client.MockWebServiceServerTestExecutionListener, org.springframework.boot.test.mock.mockito.MockitoTestExecutionListener, org.springframework.boot.test.mock.mockito.ResetMocksTestExecutionListener, org.springframework.test.context.web.ServletTestExecutionListener, org.springframework.test.context.support.DirtiesContextBeforeModesTestExecutionListener, org.springframework.test.context.event.ApplicationEventsTestExecutionListener, org.springframework.test.context.support.DependencyInjectionTestExecutionListener, org.springframework.test.context.support.DirtiesContextTestExecutionListener, org.springframework.test.context.transaction.TransactionalTestExecutionListener, org.springframework.test.context.jdbc.SqlScriptsTestExecutionListener, org.springframework.test.context.event.EventPublishingTestExecutionListener]
22:20:41.208 [Test worker] INFO org.springframework.boot.test.context.SpringBootTestContextBootstrapper - Using TestExecutionListeners: [org.springframework.test.context.web.ServletTestExecutionListener@3e34ace1, org.springframework.test.context.support.DirtiesContextBeforeModesTestExecutionListener@62fe6067, org.springframework.test.context.event.ApplicationEventsTestExecutionListener@4f071df8, org.springframework.boot.test.mock.mockito.MockitoTestExecutionListener@4de41af9, org.springframework.boot.test.autoconfigure.SpringBootDependencyInjectionTestExecutionListener@56ace400, org.springframework.test.context.support.DirtiesContextTestExecutionListener@47404bea, org.springframework.test.context.transaction.TransactionalTestExecutionListener@305f7627, org.springframework.test.context.jdbc.SqlScriptsTestExecutionListener@5d018107, org.springframework.test.context.event.EventPublishingTestExecutionListener@6cbcf243, org.springframework.boot.test.autoconfigure.restdocs.RestDocsTestExecutionListener@29e6eb25, org.springframework.boot.test.autoconfigure.web.client.MockRestServiceServerResetTestExecutionListener@62435e70, org.springframework.boot.test.autoconfigure.web.servlet.MockMvcPrintOnlyOnFailureTestExecutionListener@339bf286, org.springframework.boot.test.autoconfigure.web.servlet.WebDriverTestExecutionListener@38be305c, org.springframework.boot.test.autoconfigure.webservices.client.MockWebServiceServerTestExecutionListener@269f4bad, org.springframework.boot.test.mock.mockito.ResetMocksTestExecutionListener@5ed731d0]

  .   ____          _            __ _ _
 /\\ / ___'_ __ _ _(_)_ __  __ _ \ \ \ \
( ( )\___ | '_ | '_| | '_ \/ _` | \ \ \ \
 \\/  ___)| |_)| | | | | || (_| |  ) ) ) )
  '  |____| .__|_| |_|_| |_\__, | / / / /
 =========|_|==============|___/=/_/_/_/
 :: Spring Boot ::                (v2.7.9)

2023-07-20 22:20:41.608  INFO 19733 --- [    Test worker] o.b.t.p.entities.InterviewEntityTest     : Starting InterviewEntityTest using Java 17.0.7 on KmasLap with PID 19733 (started by francisco in /media/francisco/Datos/Diplomados/Santander/Fase04/Session02/PostWork/TestingSession02Postwork)
2023-07-20 22:20:41.610  INFO 19733 --- [    Test worker] o.b.t.p.entities.InterviewEntityTest     : No active profile set, falling back to 1 default profile: "default"
2023-07-20 22:20:42.502  INFO 19733 --- [    Test worker] .s.d.r.c.RepositoryConfigurationDelegate : Bootstrapping Spring Data JPA repositories in DEFAULT mode.
2023-07-20 22:20:42.624  INFO 19733 --- [    Test worker] .s.d.r.c.RepositoryConfigurationDelegate : Finished Spring Data repository scanning in 108 ms. Found 6 JPA repository interfaces.
2023-07-20 22:20:43.719  INFO 19733 --- [    Test worker] o.hibernate.jpa.internal.util.LogHelper  : HHH000204: Processing PersistenceUnitInfo [name: default]
2023-07-20 22:20:43.900  INFO 19733 --- [    Test worker] org.hibernate.Version                    : HHH000412: Hibernate ORM core version 5.6.15.Final
2023-07-20 22:20:44.366  INFO 19733 --- [    Test worker] o.hibernate.annotations.common.Version   : HCANN000001: Hibernate Commons Annotations {5.1.2.Final}
2023-07-20 22:20:44.835  INFO 19733 --- [    Test worker] com.zaxxer.hikari.HikariDataSource       : HikariPool-1 - Starting...
2023-07-20 22:20:45.133  INFO 19733 --- [    Test worker] com.zaxxer.hikari.HikariDataSource       : HikariPool-1 - Start completed.
2023-07-20 22:20:45.157  INFO 19733 --- [    Test worker] org.hibernate.dialect.Dialect            : HHH000400: Using dialect: org.hibernate.dialect.MySQL5Dialect
2023-07-20 22:20:46.612  INFO 19733 --- [    Test worker] o.h.e.t.j.p.i.JtaPlatformInitiator       : HHH000490: Using JtaPlatform implementation: [org.hibernate.engine.transaction.jta.platform.internal.NoJtaPlatform]
2023-07-20 22:20:46.629  INFO 19733 --- [    Test worker] j.LocalContainerEntityManagerFactoryBean : Initialized JPA EntityManagerFactory for persistence unit 'default'
2023-07-20 22:20:46.925  WARN 19733 --- [    Test worker] JpaBaseConfiguration$JpaWebConfiguration : spring.jpa.open-in-view is enabled by default. Therefore, database queries may be performed during view rendering. Explicitly configure spring.jpa.open-in-view to disable this warning
2023-07-20 22:20:48.390  INFO 19733 --- [    Test worker] o.b.t.p.entities.InterviewEntityTest     : Started InterviewEntityTest in 7.14 seconds (JVM running for 9.021)
]]></system-out>
  <system-err><![CDATA[]]></system-err>
</testsuite>
