<?xml version="1.0" encoding="UTF-8"?>
<testsuite name="org.bedu.testing.MenuTest" tests="1" skipped="0" failures="0" errors="0" timestamp="2023-07-13T19:03:55" hostname="KmasLap" time="0.066">
  <properties/>
  <testcase name="modifyInterviewer()" classname="org.bedu.testing.MenuTest" time="0.066"/>
  <system-out><![CDATA[  modifyInterviewer Salida II: 
 Salida [
Seleccione la operacion a realizar:
1. Dar de alta un entrevistador
2. Consultar un entrevistador
3. Modificar un entrevistador
4. Salir
Ingrese el nombre del entrevistador: 
Ingrese el apellido del entrevistador: 
Ingrese el email del entrevistador: 
El entrevistador se encuentra activo? (1=Si/2=No)
Entrevistador agregado:

ID:        	8
Name:      	 Interviewer Name 
Last Name: 	 Interviewer Lastname 
Email:     	 interviewer@mail.com 
Is Active: 	true

Seleccione la operacion a realizar:
1. Dar de alta un entrevistador
2. Consultar un entrevistador
3. Modificar un entrevistador
4. Salir
Ingrese el email del entrevistador a modificar:
Entrevistador encontrado:

ID:        	5
Name:      	 Interviewer Name 
Last Name: 	 Interviewer Lastname 
Email:     	 interviewer@mail.com 
Is Active: 	true

Ingrese el nuevo nombre del entrevistador: (Enter para mantener actual)
Ingrese el nuevo apellido del entrevistador: (Enter para mantener actual)
Ingrese el nuevo email del entrevistador: (Enter para mantener actual)
El entrevistador se encuentra activo? (1=Si/2=No)
Seleccione la operacion a realizar:
1. Dar de alta un entrevistador
2. Consultar un entrevistador
3. Modificar un entrevistador
4. Salir
Ingrese el email del entrevistador a consultar:
Entrevistador encontrado:

ID:        	5
Name:      	 Interviewer NEW Name 
Last Name: 	 Interviewer NEW Lastname 
Email:     	 newinterviewer@mail.com 
Is Active: 	true

Seleccione la operacion a realizar:
1. Dar de alta un entrevistador
2. Consultar un entrevistador
3. Modificar un entrevistador
4. Salir
Programa terminado

]
]]></system-out>
  <system-err><![CDATA[]]></system-err>
</testsuite>
