<?xml version="1.0" encoding="UTF-8"?>
<testsuite name="org.bedu.testing.persistence.entities.InterviewEntityTest" tests="4" skipped="0" failures="0" errors="0" timestamp="2023-07-21T17:51:42" hostname="KmasLap" time="0.427">
  <properties/>
  <testcase name="Should add a new interview" classname="org.bedu.testing.persistence.entities.InterviewEntityTest" time="0.279"/>
  <testcase name="Should changed properties of the new added discipline" classname="org.bedu.testing.persistence.entities.InterviewEntityTest" time="0.068"/>
  <testcase name="Should return a new added interview searched by name" classname="org.bedu.testing.persistence.entities.InterviewEntityTest" time="0.062"/>
  <testcase name="Should remove a new added interview" classname="org.bedu.testing.persistence.entities.InterviewEntityTest" time="0.017"/>
  <system-out><![CDATA[11:51:35.612 [ForkJoinPool-1-worker-1] DEBUG org.springframework.test.context.BootstrapUtils - Instantiating CacheAwareContextLoaderDelegate from class [org.springframework.test.context.cache.DefaultCacheAwareContextLoaderDelegate]
11:51:35.627 [ForkJoinPool-1-worker-1] DEBUG org.springframework.test.context.BootstrapUtils - Instantiating BootstrapContext using constructor [public org.springframework.test.context.support.DefaultBootstrapContext(java.lang.Class,org.springframework.test.context.CacheAwareContextLoaderDelegate)]
11:51:35.662 [ForkJoinPool-1-worker-1] DEBUG org.springframework.test.context.BootstrapUtils - Instantiating TestContextBootstrapper for test class [org.bedu.testing.persistence.entities.InterviewEntityTest] from class [org.springframework.boot.test.context.SpringBootTestContextBootstrapper]
11:51:35.684 [ForkJoinPool-1-worker-1] INFO org.springframework.boot.test.context.SpringBootTestContextBootstrapper - Neither @ContextConfiguration nor @ContextHierarchy found for test class [org.bedu.testing.persistence.entities.InterviewEntityTest], using SpringBootContextLoader
11:51:35.690 [ForkJoinPool-1-worker-1] DEBUG org.springframework.test.context.support.AbstractContextLoader - Did not detect default resource location for test class [org.bedu.testing.persistence.entities.InterviewEntityTest]: class path resource [org/bedu/testing/persistence/entities/InterviewEntityTest-context.xml] does not exist
11:51:35.691 [ForkJoinPool-1-worker-1] DEBUG org.springframework.test.context.support.AbstractContextLoader - Did not detect default resource location for test class [org.bedu.testing.persistence.entities.InterviewEntityTest]: class path resource [org/bedu/testing/persistence/entities/InterviewEntityTestContext.groovy] does not exist
11:51:35.691 [ForkJoinPool-1-worker-1] INFO org.springframework.test.context.support.AbstractContextLoader - Could not detect default resource locations for test class [org.bedu.testing.persistence.entities.InterviewEntityTest]: no resource found for suffixes {-context.xml, Context.groovy}.
11:51:35.693 [ForkJoinPool-1-worker-1] INFO org.springframework.test.context.support.AnnotationConfigContextLoaderUtils - Could not detect default configuration classes for test class [org.bedu.testing.persistence.entities.InterviewEntityTest]: InterviewEntityTest does not declare any static, non-private, non-final, nested classes annotated with @Configuration.
11:51:35.753 [ForkJoinPool-1-worker-1] DEBUG org.springframework.test.context.support.ActiveProfilesUtils - Could not find an 'annotation declaring class' for annotation type [org.springframework.test.context.ActiveProfiles] and class [org.bedu.testing.persistence.entities.InterviewEntityTest]
11:51:35.863 [ForkJoinPool-1-worker-1] DEBUG org.springframework.context.annotation.ClassPathScanningCandidateComponentProvider - Identified candidate component class: file [/media/francisco/Datos/Diplomados/Santander/Fase04/Session03/PostWork/TestingSession03Postwork/build/classes/java/main/org/bedu/testing/Main.class]
11:51:35.865 [ForkJoinPool-1-worker-1] INFO org.springframework.boot.test.context.SpringBootTestContextBootstrapper - Found @SpringBootConfiguration org.bedu.testing.Main for test class org.bedu.testing.persistence.entities.InterviewEntityTest
11:51:35.993 [ForkJoinPool-1-worker-1] DEBUG org.springframework.boot.test.context.SpringBootTestContextBootstrapper - @TestExecutionListeners is not present for class [org.bedu.testing.persistence.entities.InterviewEntityTest]: using defaults.
11:51:35.993 [ForkJoinPool-1-worker-1] INFO org.springframework.boot.test.context.SpringBootTestContextBootstrapper - Loaded default TestExecutionListener class names from location [META-INF/spring.factories]: [org.springframework.boot.test.autoconfigure.restdocs.RestDocsTestExecutionListener, org.springframework.boot.test.autoconfigure.web.client.MockRestServiceServerResetTestExecutionListener, org.springframework.boot.test.autoconfigure.web.servlet.MockMvcPrintOnlyOnFailureTestExecutionListener, org.springframework.boot.test.autoconfigure.web.servlet.WebDriverTestExecutionListener, org.springframework.boot.test.autoconfigure.webservices.client.MockWebServiceServerTestExecutionListener, org.springframework.boot.test.mock.mockito.MockitoTestExecutionListener, org.springframework.boot.test.mock.mockito.ResetMocksTestExecutionListener, org.springframework.test.context.web.ServletTestExecutionListener, org.springframework.test.context.support.DirtiesContextBeforeModesTestExecutionListener, org.springframework.test.context.event.ApplicationEventsTestExecutionListener, org.springframework.test.context.support.DependencyInjectionTestExecutionListener, org.springframework.test.context.support.DirtiesContextTestExecutionListener, org.springframework.test.context.transaction.TransactionalTestExecutionListener, org.springframework.test.context.jdbc.SqlScriptsTestExecutionListener, org.springframework.test.context.event.EventPublishingTestExecutionListener]
11:51:36.019 [ForkJoinPool-1-worker-1] INFO org.springframework.boot.test.context.SpringBootTestContextBootstrapper - Using TestExecutionListeners: [org.springframework.test.context.web.ServletTestExecutionListener@920c4af, org.springframework.test.context.support.DirtiesContextBeforeModesTestExecutionListener@1021f7ec, org.springframework.test.context.event.ApplicationEventsTestExecutionListener@5fe471de, org.springframework.boot.test.mock.mockito.MockitoTestExecutionListener@335fcfb, org.springframework.boot.test.autoconfigure.SpringBootDependencyInjectionTestExecutionListener@c3f558e, org.springframework.test.context.support.DirtiesContextTestExecutionListener@133e4d72, org.springframework.test.context.transaction.TransactionalTestExecutionListener@6fa8a44a, org.springframework.test.context.jdbc.SqlScriptsTestExecutionListener@43564f60, org.springframework.test.context.event.EventPublishingTestExecutionListener@35b3e1a1, org.springframework.boot.test.autoconfigure.restdocs.RestDocsTestExecutionListener@54077fb8, org.springframework.boot.test.autoconfigure.web.client.MockRestServiceServerResetTestExecutionListener@7e270b86, org.springframework.boot.test.autoconfigure.web.servlet.MockMvcPrintOnlyOnFailureTestExecutionListener@f7b766d, org.springframework.boot.test.autoconfigure.web.servlet.WebDriverTestExecutionListener@25ef30ca, org.springframework.boot.test.autoconfigure.webservices.client.MockWebServiceServerTestExecutionListener@4a7a6170, org.springframework.boot.test.mock.mockito.ResetMocksTestExecutionListener@cc73882]

  .   ____          _            __ _ _
 /\\ / ___'_ __ _ _(_)_ __  __ _ \ \ \ \
( ( )\___ | '_ | '_| | '_ \/ _` | \ \ \ \
 \\/  ___)| |_)| | | | | || (_| |  ) ) ) )
  '  |____| .__|_| |_|_| |_\__, | / / / /
 =========|_|==============|___/=/_/_/_/
 :: Spring Boot ::                (v2.7.9)

2023-07-21 11:51:36.444  INFO 11997 --- [Pool-1-worker-1] o.b.t.p.entities.InterviewEntityTest     : Starting InterviewEntityTest using Java 17.0.7 on KmasLap with PID 11997 (started by francisco in /media/francisco/Datos/Diplomados/Santander/Fase04/Session03/PostWork/TestingSession03Postwork)
2023-07-21 11:51:36.446  INFO 11997 --- [Pool-1-worker-1] o.b.t.p.entities.InterviewEntityTest     : No active profile set, falling back to 1 default profile: "default"
2023-07-21 11:51:37.298  INFO 11997 --- [Pool-1-worker-1] .s.d.r.c.RepositoryConfigurationDelegate : Bootstrapping Spring Data JPA repositories in DEFAULT mode.
2023-07-21 11:51:37.399  INFO 11997 --- [Pool-1-worker-1] .s.d.r.c.RepositoryConfigurationDelegate : Finished Spring Data repository scanning in 86 ms. Found 6 JPA repository interfaces.
2023-07-21 11:51:38.180  INFO 11997 --- [Pool-1-worker-1] o.hibernate.jpa.internal.util.LogHelper  : HHH000204: Processing PersistenceUnitInfo [name: default]
2023-07-21 11:51:38.276  INFO 11997 --- [Pool-1-worker-1] org.hibernate.Version                    : HHH000412: Hibernate ORM core version 5.6.15.Final
2023-07-21 11:51:38.570  INFO 11997 --- [Pool-1-worker-1] o.hibernate.annotations.common.Version   : HCANN000001: Hibernate Commons Annotations {5.1.2.Final}
2023-07-21 11:51:38.762  INFO 11997 --- [Pool-1-worker-1] com.zaxxer.hikari.HikariDataSource       : HikariPool-1 - Starting...
2023-07-21 11:51:38.987  INFO 11997 --- [Pool-1-worker-1] com.zaxxer.hikari.HikariDataSource       : HikariPool-1 - Start completed.
2023-07-21 11:51:39.015  INFO 11997 --- [Pool-1-worker-1] org.hibernate.dialect.Dialect            : HHH000400: Using dialect: org.hibernate.dialect.MySQL5Dialect
2023-07-21 11:51:40.161  INFO 11997 --- [Pool-1-worker-1] o.h.e.t.j.p.i.JtaPlatformInitiator       : HHH000490: Using JtaPlatform implementation: [org.hibernate.engine.transaction.jta.platform.internal.NoJtaPlatform]
2023-07-21 11:51:40.179  INFO 11997 --- [Pool-1-worker-1] j.LocalContainerEntityManagerFactoryBean : Initialized JPA EntityManagerFactory for persistence unit 'default'
2023-07-21 11:51:40.505  WARN 11997 --- [Pool-1-worker-1] JpaBaseConfiguration$JpaWebConfiguration : spring.jpa.open-in-view is enabled by default. Therefore, database queries may be performed during view rendering. Explicitly configure spring.jpa.open-in-view to disable this warning
2023-07-21 11:51:42.008  INFO 11997 --- [Pool-1-worker-1] o.b.t.p.entities.InterviewEntityTest     : Started InterviewEntityTest in 5.939 seconds (JVM running for 7.24)
]]></system-out>
  <system-err><![CDATA[]]></system-err>
</testsuite>
