<?xml version="1.0" encoding="UTF-8"?>
<testsuite name="org.bedu.testing.ejemplo01.sort.BubbleSortTest" tests="9" skipped="0" failures="0" errors="0" timestamp="2023-07-23T21:34:26" hostname="KmasLap" time="0.087">
  <properties/>
  <testcase name="SortEmptyList_ShouldReturnEmptyList()" classname="org.bedu.testing.ejemplo01.sort.BubbleSortTest" time="0.072"/>
  <testcase name="SortListWithTwoElementsInReverseOrder_ShouldReturnSortedList()" classname="org.bedu.testing.ejemplo01.sort.BubbleSortTest" time="0.001"/>
  <testcase name="SortListWithThreeElementsTwoDuplicates_ShouldReturnSortedList()" classname="org.bedu.testing.ejemplo01.sort.BubbleSortTest" time="0.001"/>
  <testcase name="SortListWithOneElement_ShouldReturnSortedList()" classname="org.bedu.testing.ejemplo01.sort.BubbleSortTest" time="0.001"/>
  <testcase name="SortListWithThreeElements_ShouldReturnSortedList()" classname="org.bedu.testing.ejemplo01.sort.BubbleSortTest" time="0.001"/>
  <testcase name="SortListWithTwoElementsInCorrectOrder_ShouldReturnSameList()" classname="org.bedu.testing.ejemplo01.sort.BubbleSortTest" time="0.001"/>
  <testcase name="SortListWithFourElementsTwoDuplicates_ShouldReturnSortedList()" classname="org.bedu.testing.ejemplo01.sort.BubbleSortTest" time="0.001"/>
  <testcase name="SortListWithSameTwoElements_ShouldReturnSortedList()" classname="org.bedu.testing.ejemplo01.sort.BubbleSortTest" time="0.001"/>
  <testcase name="SortListWithFiveElementsTwoDuplicates_ShouldReturnSortedList()" classname="org.bedu.testing.ejemplo01.sort.BubbleSortTest" time="0.0"/>
  <system-out><![CDATA[]]></system-out>
  <system-err><![CDATA[]]></system-err>
</testsuite>
